0 info it worked if it ends with ok
1 verbose cli [ 'c:\\Program Files\\nodejs\\node.exe',
1 verbose cli   'c:\\Program Files\\nodejs\\node_modules\\npm\\bin\\npm-cli.js',
1 verbose cli   'install',
1 verbose cli   'bodyparser' ]
2 info using npm@1.4.28
3 info using node@v0.10.36
4 verbose cache add [ 'bodyparser', null ]
5 verbose cache add name=undefined spec="bodyparser" args=["bodyparser",null]
6 verbose parsed url { protocol: null,
6 verbose parsed url   slashes: null,
6 verbose parsed url   auth: null,
6 verbose parsed url   host: null,
6 verbose parsed url   port: null,
6 verbose parsed url   hostname: null,
6 verbose parsed url   hash: null,
6 verbose parsed url   search: null,
6 verbose parsed url   query: null,
6 verbose parsed url   pathname: 'bodyparser',
6 verbose parsed url   path: 'bodyparser',
6 verbose parsed url   href: 'bodyparser' }
7 silly lockFile 981361c8-bodyparser bodyparser
8 verbose lock bodyparser C:\Users\g9810_000\AppData\Roaming\npm-cache\981361c8-bodyparser.lock
9 silly lockFile 981361c8-bodyparser bodyparser
10 silly lockFile 981361c8-bodyparser bodyparser
11 verbose addNamed [ 'bodyparser', '' ]
12 verbose addNamed [ null, '*' ]
13 silly lockFile 6c35f799-bodyparser bodyparser@
14 verbose lock bodyparser@ C:\Users\g9810_000\AppData\Roaming\npm-cache\6c35f799-bodyparser.lock
15 silly addNameRange { name: 'bodyparser', range: '*', hasData: false }
16 verbose request where is /bodyparser
17 verbose request registry https://registry.npmjs.org/
18 verbose request id 5d855e0c8b310fbb
19 verbose url raw /bodyparser
20 verbose url resolving [ 'https://registry.npmjs.org/', './bodyparser' ]
21 verbose url resolved https://registry.npmjs.org/bodyparser
22 verbose request where is https://registry.npmjs.org/bodyparser
23 info trying registry request attempt 1 at 16:08:37
24 http GET https://registry.npmjs.org/bodyparser
25 http 404 https://registry.npmjs.org/bodyparser
26 verbose headers { date: 'Sun, 01 Feb 2015 08:08:37 GMT',
26 verbose headers   server: 'CouchDB/1.6.1 (Erlang OTP/R14B04)',
26 verbose headers   'content-type': 'application/json',
26 verbose headers   'cache-control': 'max-age=0',
26 verbose headers   'content-length': '52',
26 verbose headers   'accept-ranges': 'bytes',
26 verbose headers   via: '1.1 varnish',
26 verbose headers   age: '0',
26 verbose headers   'x-served-by': 'cache-ty66-TYO',
26 verbose headers   'x-cache': 'MISS',
26 verbose headers   'x-cache-hits': '0',
26 verbose headers   'x-timer': 'S1422778117.211231,VS0,VE748',
26 verbose headers   'keep-alive': 'timeout=10, max=50',
26 verbose headers   connection: 'Keep-Alive' }
27 silly registry.get cb [ 404,
27 silly registry.get   { date: 'Sun, 01 Feb 2015 08:08:37 GMT',
27 silly registry.get     server: 'CouchDB/1.6.1 (Erlang OTP/R14B04)',
27 silly registry.get     'content-type': 'application/json',
27 silly registry.get     'cache-control': 'max-age=0',
27 silly registry.get     'content-length': '52',
27 silly registry.get     'accept-ranges': 'bytes',
27 silly registry.get     via: '1.1 varnish',
27 silly registry.get     age: '0',
27 silly registry.get     'x-served-by': 'cache-ty66-TYO',
27 silly registry.get     'x-cache': 'MISS',
27 silly registry.get     'x-cache-hits': '0',
27 silly registry.get     'x-timer': 'S1422778117.211231,VS0,VE748',
27 silly registry.get     'keep-alive': 'timeout=10, max=50',
27 silly registry.get     connection: 'Keep-Alive' } ]
28 silly lockFile 6c35f799-bodyparser bodyparser@
29 silly lockFile 6c35f799-bodyparser bodyparser@
30 error 404 404 Not Found: bodyparser
30 error 404
30 error 404 'bodyparser' is not in the npm registry.
30 error 404 You should bug the author to publish it
30 error 404
30 error 404 Note that you can also install from a
30 error 404 tarball, folder, or http url, or git url.
31 error System Windows_NT 6.2.9200
32 error command "c:\\Program Files\\nodejs\\node.exe" "c:\\Program Files\\nodejs\\node_modules\\npm\\bin\\npm-cli.js" "install" "bodyparser"
33 error cwd e:\Program\Program\Practices\hack
34 error node -v v0.10.36
35 error npm -v 1.4.28
36 error code E404
37 verbose exit [ 1, true ]
